#
# A fatal error has been detected by the Java Runtime Environment:
#
#  EXCEPTION_ACCESS_VIOLATION (0xc0000005) at pc=0x00007ffec2d4c511, pid=18732, tid=0x0000000000004998
#
# JRE version: Java(TM) SE Runtime Environment (8.0_151-b12) (build 1.8.0_151-b12)
# Java VM: Java HotSpot(TM) 64-Bit Server VM (25.151-b12 mixed mode windows-amd64 compressed oops)
# Problematic frame:
# C  [msctfuimanager.dll+0xc511]
#
# Failed to write core dump. Minidumps are not enabled by default on client versions of Windows
#
# If you would like to submit a bug report, please visit:
#   http://bugreport.java.com/bugreport/crash.jsp
# The crash happened outside the Java Virtual Machine in native code.
# See problematic frame for where to report the bug.
#

---------------  T H R E A D  ---------------

Current thread (0x000000001fc6b800):  JavaThread "AWT-Windows" daemon [_thread_in_native, id=18840, stack(0x00000000203f0000,0x00000000204f0000)]

siginfo: ExceptionCode=0xc0000005, reading address 0x0000000000000018

Registers:
RAX=0x0000000000000000, RBX=0x0000000023110cb0, RCX=0x0000000000a904b0, RDX=0x00000000204edd40
RSP=0x00000000204edce0, RBP=0x00000000204edd20, RSI=0x0000000000a904b0, RDI=0x0000000000a904b0
R8 =0x0000000000000000, R9 =0x0000000000000000, R10=0x0000000000000000, R11=0x0000000000aca2a0
R12=0x00000000204ee1c8, R13=0x0000000000000000, R14=0x0000000023109c58, R15=0x0000000000000050
RIP=0x00007ffec2d4c511, EFLAGS=0x0000000000010246

Top of Stack: (sp=0x00000000204edce0)
0x00000000204edce0:   0000000000000010 0000000000000000
0x00000000204edcf0:   0000000000000000 0000000000616db8
0x00000000204edd00:   0000000023109c58 00007ffec2d4e778
0x00000000204edd10:   0000000000000002 0000000000000012
0x00000000204edd20:   0000000000a904b0 0000000023110cb0
0x00000000204edd30:   00000000204ede40 00007ffec2d4bb6c
0x00000000204edd40:   0000000000000000 0000000000000000
0x00000000204edd50:   0000000000000000 0000000000000003
0x00000000204edd60:   0000000000000000 00007ffe00000010
0x00000000204edd70:   0000000000000000 00000000204edda8
0x00000000204edd80:   0000000000000000 83ed6de4750043ae
0x00000000204edd90:   0000000300000000 0000000300000000
0x00000000204edda0:   0000000000a49bd0 0000000000000000
0x00000000204eddb0:   000000002310e670 00007ffec2d93f20
0x00000000204eddc0:   00000000204ee1c8 00000000204ee1e8
0x00000000204eddd0:   0000000000000665 0000000000000007 

Instructions: (pc=0x00007ffec2d4c511)
0x00007ffec2d4c4f1:   09 00 00 44 8b cb e8 2c 5c ff ff 8b c3 e9 43 01
0x00007ffec2d4c501:   00 00 48 8b 02 48 8b ce 83 65 20 00 48 8d 55 20
0x00007ffec2d4c511:   48 8b 40 18 ff 15 85 24 04 00 8b f8 85 c0 79 1d
0x00007ffec2d4c521:   48 8b 4d 18 4c 8d 05 8c 44 04 00 44 8b c8 ba ae 


Register to memory mapping:

RAX=0x0000000000000000 is an unknown value
RBX=0x0000000023110cb0 is an unknown value
RCX=0x0000000000a904b0 is an unknown value
RDX=0x00000000204edd40 is pointing into the stack for thread: 0x000000001fc6b800
RSP=0x00000000204edce0 is pointing into the stack for thread: 0x000000001fc6b800
RBP=0x00000000204edd20 is pointing into the stack for thread: 0x000000001fc6b800
RSI=0x0000000000a904b0 is an unknown value
RDI=0x0000000000a904b0 is an unknown value
R8 =0x0000000000000000 is an unknown value
R9 =0x0000000000000000 is an unknown value
R10=0x0000000000000000 is an unknown value
R11=0x0000000000aca2a0 is an unknown value
R12=0x00000000204ee1c8 is pointing into the stack for thread: 0x000000001fc6b800
R13=0x0000000000000000 is an unknown value
R14=0x0000000023109c58 is an unknown value
R15=0x0000000000000050 is an unknown value


Stack: [0x00000000203f0000,0x00000000204f0000],  sp=0x00000000204edce0,  free space=1015k
Native frames: (J=compiled Java code, j=interpreted, Vv=VM code, C=native code)
C  [msctfuimanager.dll+0xc511]
C  [msctfuimanager.dll+0xbb6c]
C  [msctfuimanager.dll+0xcc38]
C  [msctfuimanager.dll+0x473a]
C  [MSCTF.dll+0xa2990]
C  [MSCTF.dll+0x9d430]
C  [MSCTF.dll+0x674a7]
C  [MSCTF.dll+0x499bd]
C  [MSCTF.dll+0x566f5]
C  [MSCTF.dll+0x8b1df]
C  [MSCTF.dll+0xa149c]
C  [MSCTF.dll+0x9d2f4]
C  [MSCTF.dll+0x2cbeb]
C  [MSCTF.dll+0x27244]
C  [MSCTF.dll+0x31c30]
C  [MSCTF.dll+0x34a14]
C  [MSCTF.dll+0x2b712]
C  [MSCTF.dll+0x28655]
C  [MSCTF.dll+0xa3cd8]
C  [MSCTF.dll+0x67302]
C  [MSCTF.dll+0x499bd]
C  [MSCTF.dll+0x56729]
C  [MSCTF.dll+0x606cd]
C  [USER32.dll+0xbc50]
C  [USER32.dll+0xb5cf]
C  [awt.dll+0xcc32c]
C  [awt.dll+0xcc5db]
C  0x0000000002df7f74

Java frames: (J=compiled Java code, j=interpreted, Vv=VM code)
j  sun.awt.windows.WToolkit.eventLoop()V+0
j  sun.awt.windows.WToolkit.run()V+58
j  java.lang.Thread.run()V+11
v  ~StubRoutines::call_stub

---------------  P R O C E S S  ---------------

Java Threads: ( => current thread )
  0x0000000021c83800 JavaThread "TimerQueue" daemon [_thread_blocked, id=18868, stack(0x00000000232f0000,0x00000000233f0000)]
  0x00000000213bc800 JavaThread "Image Fetcher 0" daemon [_thread_blocked, id=18848, stack(0x0000000022500000,0x0000000022600000)]
  0x0000000002ce0800 JavaThread "DestroyJavaVM" [_thread_blocked, id=18752, stack(0x0000000002860000,0x0000000002960000)]
  0x000000001fcb1800 JavaThread "AWT-EventQueue-0" [_thread_in_native, id=18844, stack(0x0000000020620000,0x0000000020720000)]
=>0x000000001fc6b800 JavaThread "AWT-Windows" daemon [_thread_in_native, id=18840, stack(0x00000000203f0000,0x00000000204f0000)]
  0x000000001fc68800 JavaThread "AWT-Shutdown" [_thread_blocked, id=18836, stack(0x00000000202f0000,0x00000000203f0000)]
  0x000000001fc62000 JavaThread "Java2D Disposer" daemon [_thread_blocked, id=18832, stack(0x00000000201f0000,0x00000000202f0000)]
  0x000000001e89d000 JavaThread "Service Thread" daemon [_thread_blocked, id=18824, stack(0x000000001f2e0000,0x000000001f3e0000)]
  0x000000001e806800 JavaThread "C1 CompilerThread3" daemon [_thread_blocked, id=18820, stack(0x000000001f1e0000,0x000000001f2e0000)]
  0x000000001e7a4800 JavaThread "C2 CompilerThread2" daemon [_thread_blocked, id=18816, stack(0x000000001f0e0000,0x000000001f1e0000)]
  0x000000001e7a3800 JavaThread "C2 CompilerThread1" daemon [_thread_blocked, id=18812, stack(0x000000001efe0000,0x000000001f0e0000)]
  0x000000001e79f800 JavaThread "C2 CompilerThread0" daemon [_thread_blocked, id=18808, stack(0x000000001eee0000,0x000000001efe0000)]
  0x000000001e79e800 JavaThread "Attach Listener" daemon [_thread_blocked, id=18804, stack(0x000000001ede0000,0x000000001eee0000)]
  0x000000001e7f7000 JavaThread "Signal Dispatcher" daemon [_thread_blocked, id=18800, stack(0x000000001ece0000,0x000000001ede0000)]
  0x0000000002dde000 JavaThread "Finalizer" daemon [_thread_blocked, id=18796, stack(0x000000001eb70000,0x000000001ec70000)]
  0x0000000002dd7000 JavaThread "Reference Handler" daemon [_thread_blocked, id=18792, stack(0x000000001e670000,0x000000001e770000)]

Other Threads:
  0x000000001c859000 VMThread [stack: 0x000000001e570000,0x000000001e670000] [id=18788]
  0x000000001e8ee000 WatcherThread [stack: 0x000000001f3e0000,0x000000001f4e0000] [id=18828]

VM state:not at safepoint (normal execution)

VM Mutex/Monitor currently owned by a thread: None

Heap:
 PSYoungGen      total 1385472K, used 24692K [0x000000076b380000, 0x00000007c0000000, 0x00000007c0000000)
  eden space 1382912K, 1% used [0x000000076b380000,0x000000076cb9d158,0x00000007bfa00000)
  from space 2560K, 0% used [0x00000007bfa00000,0x00000007bfa00000,0x00000007bfc80000)
  to   space 3584K, 0% used [0x00000007bfc80000,0x00000007bfc80000,0x00000007c0000000)
 ParOldGen       total 196608K, used 55111K [0x00000006c1a00000, 0x00000006cda00000, 0x000000076b380000)
  object space 196608K, 28% used [0x00000006c1a00000,0x00000006c4fd1c50,0x00000006cda00000)
 Metaspace       used 33827K, capacity 35356K, committed 35800K, reserved 1079296K
  class space    used 4328K, capacity 4994K, committed 5120K, reserved 1048576K

Card table byte_map: [0x00000000121a0000,0x00000000129a0000] byte_map_base: 0x000000000eb93000

Marking Bits: (ParMarkBitMap*) 0x000000005677d850
 Begin Bits: [0x00000000136f0000, 0x0000000017688000)
 End Bits:   [0x0000000017688000, 0x000000001b620000)

Polling page: 0x0000000002960000

CodeCache: size=245760Kb used=17371Kb max_used=19111Kb free=228388Kb
 bounds [0x0000000002de0000, 0x00000000040b0000, 0x0000000011de0000]
 total_blobs=5621 nmethods=4991 adapters=539
 compilation: enabled

Compilation events (10 events):
Event: 9.745 Thread 0x000000001e7a4800 6088       4       com.st.microxplorer.plugins.pinoutconfig.engine.AbstractGPin::isStacked (8 bytes)
Event: 9.745 Thread 0x000000001e806800 6089       3       java.awt.geom.Rectangle2D$Float::<init> (14 bytes)
Event: 9.745 Thread 0x000000001e7a4800 nmethod 6088 0x0000000003891290 code [0x00000000038913c0, 0x0000000003891438]
Event: 9.745 Thread 0x000000001e806800 nmethod 6089 0x0000000002fdf7d0 code [0x0000000002fdf940, 0x0000000002fdfc30]
Event: 9.745 Thread 0x000000001e806800 6090       3       java.awt.geom.Rectangle2D$Float::setRect (22 bytes)
Event: 9.745 Thread 0x000000001e806800 nmethod 6090 0x0000000002f20ad0 code [0x0000000002f20c20, 0x0000000002f20d90]
Event: 9.745 Thread 0x000000001e79f800 6091       4       sun.java2d.SurfaceData::pixelFor (13 bytes)
Event: 9.746 Thread 0x000000001e806800 6092       3       javax.swing.TimerQueue::now (8 bytes)
Event: 9.746 Thread 0x000000001e79f800 nmethod 6091 0x0000000002fb7e90 code [0x0000000002fb7fe0, 0x0000000002fb8098]
Event: 9.746 Thread 0x000000001e806800 nmethod 6092 0x00000000033d6890 code [0x00000000033d69e0, 0x00000000033d6b30]

GC Heap History (10 events):
Event: 3.509 GC heap before
{Heap before GC invocations=49 (full 1):
 PSYoungGen      total 1384960K, used 1382144K [0x000000076b380000, 0x00000007c0000000, 0x00000007c0000000)
  eden space 1381888K, 100% used [0x000000076b380000,0x00000007bf900000,0x00000007bf900000)
  from space 3072K, 8% used [0x00000007bf900000,0x00000007bf940000,0x00000007bfc00000)
  to   space 3072K, 0% used [0x00000007bfd00000,0x00000007bfd00000,0x00000007c0000000)
 ParOldGen       total 126976K, used 36009K [0x00000006c1a00000, 0x00000006c9600000, 0x000000076b380000)
  object space 126976K, 28% used [0x00000006c1a00000,0x00000006c3d2a480,0x00000006c9600000)
 Metaspace       used 26412K, capacity 27796K, committed 28160K, reserved 1073152K
  class space    used 3364K, capacity 4022K, committed 4096K, reserved 1048576K
Event: 3.510 GC heap after
Heap after GC invocations=49 (full 1):
 PSYoungGen      total 1385984K, used 288K [0x000000076b380000, 0x00000007c0000000, 0x00000007c0000000)
  eden space 1382912K, 0% used [0x000000076b380000,0x000000076b380000,0x00000007bfa00000)
  from space 3072K, 9% used [0x00000007bfd00000,0x00000007bfd48000,0x00000007c0000000)
  to   space 3072K, 0% used [0x00000007bfa00000,0x00000007bfa00000,0x00000007bfd00000)
 ParOldGen       total 126976K, used 36033K [0x00000006c1a00000, 0x00000006c9600000, 0x000000076b380000)
  object space 126976K, 28% used [0x00000006c1a00000,0x00000006c3d30480,0x00000006c9600000)
 Metaspace       used 26412K, capacity 27796K, committed 28160K, reserved 1073152K
  class space    used 3364K, capacity 4022K, committed 4096K, reserved 1048576K
}
Event: 3.515 GC heap before
{Heap before GC invocations=50 (full 1):
 PSYoungGen      total 1385984K, used 1383200K [0x000000076b380000, 0x00000007c0000000, 0x00000007c0000000)
  eden space 1382912K, 100% used [0x000000076b380000,0x00000007bfa00000,0x00000007bfa00000)
  from space 3072K, 9% used [0x00000007bfd00000,0x00000007bfd48000,0x00000007c0000000)
  to   space 3072K, 0% used [0x00000007bfa00000,0x00000007bfa00000,0x00000007bfd00000)
 ParOldGen       total 126976K, used 36033K [0x00000006c1a00000, 0x00000006c9600000, 0x000000076b380000)
  object space 126976K, 28% used [0x00000006c1a00000,0x00000006c3d30480,0x00000006c9600000)
 Metaspace       used 26412K, capacity 27796K, committed 28160K, reserved 1073152K
  class space    used 3364K, capacity 4022K, committed 4096K, reserved 1048576K
Event: 3.516 GC heap after
Heap after GC invocations=50 (full 1):
 PSYoungGen      total 1383424K, used 256K [0x000000076b380000, 0x00000007bff00000, 0x00000007c0000000)
  eden space 1382912K, 0% used [0x000000076b380000,0x000000076b380000,0x00000007bfa00000)
  from space 512K, 50% used [0x00000007bfa00000,0x00000007bfa40000,0x00000007bfa80000)
  to   space 2560K, 0% used [0x00000007bfc80000,0x00000007bfc80000,0x00000007bff00000)
 ParOldGen       total 126976K, used 36049K [0x00000006c1a00000, 0x00000006c9600000, 0x000000076b380000)
  object space 126976K, 28% used [0x00000006c1a00000,0x00000006c3d34480,0x00000006c9600000)
 Metaspace       used 26412K, capacity 27796K, committed 28160K, reserved 1073152K
  class space    used 3364K, capacity 4022K, committed 4096K, reserved 1048576K
}
Event: 3.521 GC heap before
{Heap before GC invocations=51 (full 1):
 PSYoungGen      total 1383424K, used 1383168K [0x000000076b380000, 0x00000007bff00000, 0x00000007c0000000)
  eden space 1382912K, 100% used [0x000000076b380000,0x00000007bfa00000,0x00000007bfa00000)
  from space 512K, 50% used [0x00000007bfa00000,0x00000007bfa40000,0x00000007bfa80000)
  to   space 2560K, 0% used [0x00000007bfc80000,0x00000007bfc80000,0x00000007bff00000)
 ParOldGen       total 126976K, used 36049K [0x00000006c1a00000, 0x00000006c9600000, 0x000000076b380000)
  object space 126976K, 28% used [0x00000006c1a00000,0x00000006c3d34480,0x00000006c9600000)
 Metaspace       used 26412K, capacity 27796K, committed 28160K, reserved 1073152K
  class space    used 3364K, capacity 4022K, committed 4096K, reserved 1048576K
Event: 3.522 GC heap after
Heap after GC invocations=51 (full 1):
 PSYoungGen      total 1385472K, used 224K [0x000000076b380000, 0x00000007c0000000, 0x00000007c0000000)
  eden space 1382912K, 0% used [0x000000076b380000,0x000000076b380000,0x00000007bfa00000)
  from space 2560K, 8% used [0x00000007bfc80000,0x00000007bfcb8000,0x00000007bff00000)
  to   space 2560K, 0% used [0x00000007bfa00000,0x00000007bfa00000,0x00000007bfc80000)
 ParOldGen       total 126976K, used 36073K [0x00000006c1a00000, 0x00000006c9600000, 0x000000076b380000)
  object space 126976K, 28% used [0x00000006c1a00000,0x00000006c3d3a480,0x00000006c9600000)
 Metaspace       used 26412K, capacity 27796K, committed 28160K, reserved 1073152K
  class space    used 3364K, capacity 4022K, committed 4096K, reserved 1048576K
}
Event: 8.508 GC heap before
{Heap before GC invocations=52 (full 1):
 PSYoungGen      total 1385472K, used 874159K [0x000000076b380000, 0x00000007c0000000, 0x00000007c0000000)
  eden space 1382912K, 63% used [0x000000076b380000,0x00000007a08f3ca8,0x00000007bfa00000)
  from space 2560K, 8% used [0x00000007bfc80000,0x00000007bfcb8000,0x00000007bff00000)
  to   space 2560K, 0% used [0x00000007bfa00000,0x00000007bfa00000,0x00000007bfc80000)
 ParOldGen       total 126976K, used 36073K [0x00000006c1a00000, 0x00000006c9600000, 0x000000076b380000)
  object space 126976K, 28% used [0x00000006c1a00000,0x00000006c3d3a480,0x00000006c9600000)
 Metaspace       used 33715K, capacity 35196K, committed 35416K, reserved 1079296K
  class space    used 4298K, capacity 4962K, committed 4992K, reserved 1048576K
Event: 8.515 GC heap after
Heap after GC invocations=52 (full 1):
 PSYoungGen      total 1385472K, used 2559K [0x000000076b380000, 0x00000007c0000000, 0x00000007c0000000)
  eden space 1382912K, 0% used [0x000000076b380000,0x000000076b380000,0x00000007bfa00000)
  from space 2560K, 99% used [0x00000007bfa00000,0x00000007bfc7ffc8,0x00000007bfc80000)
  to   space 3584K, 0% used [0x00000007bfc80000,0x00000007bfc80000,0x00000007c0000000)
 ParOldGen       total 126976K, used 61476K [0x00000006c1a00000, 0x00000006c9600000, 0x000000076b380000)
  object space 126976K, 48% used [0x00000006c1a00000,0x00000006c5609390,0x00000006c9600000)
 Metaspace       used 33715K, capacity 35196K, committed 35416K, reserved 1079296K
  class space    used 4298K, capacity 4962K, committed 4992K, reserved 1048576K
}
Event: 8.515 GC heap before
{Heap before GC invocations=53 (full 2):
 PSYoungGen      total 1385472K, used 2559K [0x000000076b380000, 0x00000007c0000000, 0x00000007c0000000)
  eden space 1382912K, 0% used [0x000000076b380000,0x000000076b380000,0x00000007bfa00000)
  from space 2560K, 99% used [0x00000007bfa00000,0x00000007bfc7ffc8,0x00000007bfc80000)
  to   space 3584K, 0% used [0x00000007bfc80000,0x00000007bfc80000,0x00000007c0000000)
 ParOldGen       total 126976K, used 61476K [0x00000006c1a00000, 0x00000006c9600000, 0x000000076b380000)
  object space 126976K, 48% used [0x00000006c1a00000,0x00000006c5609390,0x00000006c9600000)
 Metaspace       used 33715K, capacity 35196K, committed 35416K, reserved 1079296K
  class space    used 4298K, capacity 4962K, committed 4992K, reserved 1048576K
Event: 8.575 GC heap after
Heap after GC invocations=53 (full 2):
 PSYoungGen      total 1385472K, used 0K [0x000000076b380000, 0x00000007c0000000, 0x00000007c0000000)
  eden space 1382912K, 0% used [0x000000076b380000,0x000000076b380000,0x00000007bfa00000)
  from space 2560K, 0% used [0x00000007bfa00000,0x00000007bfa00000,0x00000007bfc80000)
  to   space 3584K, 0% used [0x00000007bfc80000,0x00000007bfc80000,0x00000007c0000000)
 ParOldGen       total 196608K, used 55111K [0x00000006c1a00000, 0x00000006cda00000, 0x000000076b380000)
  object space 196608K, 28% used [0x00000006c1a00000,0x00000006c4fd1c50,0x00000006cda00000)
 Metaspace       used 33715K, capacity 35196K, committed 35416K, reserved 1079296K
  class space    used 4298K, capacity 4962K, committed 4992K, reserved 1048576K
}

Deoptimization events (10 events):
Event: 6.686 Thread 0x000000001fcb1800 Uncommon trap: reason=unstable_if action=reinterpret pc=0x0000000003c29f30 method=java.util.concurrent.locks.AbstractQueuedSynchronizer.release(I)Z @ 14
Event: 6.708 Thread 0x000000001fcb1800 Uncommon trap: reason=unstable_if action=reinterpret pc=0x00000000037f9b24 method=java.awt.geom.AffineTransform.transform([FI[FII)V @ 2
Event: 9.705 Thread 0x000000001fcb1800 Uncommon trap: reason=class_check action=maybe_recompile pc=0x0000000004022f94 method=java.awt.KeyboardFocusManager.getMostRecentFocusOwner(Ljava/awt/Window;)Ljava/awt/Component; @ 25
Event: 9.705 Thread 0x000000001fcb1800 Uncommon trap: reason=unstable_if action=reinterpret pc=0x0000000003fd6bf0 method=java.awt.EventQueue.removeSourceEvents(Ljava/lang/Object;Z)V @ 88
Event: 9.707 Thread 0x000000001fcb1800 Uncommon trap: reason=class_check action=maybe_recompile pc=0x0000000004022f94 method=java.awt.KeyboardFocusManager.getMostRecentFocusOwner(Ljava/awt/Window;)Ljava/awt/Component; @ 25
Event: 9.707 Thread 0x000000001fcb1800 Uncommon trap: reason=class_check action=maybe_recompile pc=0x0000000004022f94 method=java.awt.KeyboardFocusManager.getMostRecentFocusOwner(Ljava/awt/Window;)Ljava/awt/Component; @ 25
Event: 9.707 Thread 0x000000001fcb1800 Uncommon trap: reason=class_check action=maybe_recompile pc=0x0000000004022f94 method=java.awt.KeyboardFocusManager.getMostRecentFocusOwner(Ljava/awt/Window;)Ljava/awt/Component; @ 25
Event: 9.713 Thread 0x000000001fcb1800 Uncommon trap: reason=unstable_if action=reinterpret pc=0x000000000377bc08 method=sun.java2d.SunGraphics2D.validateColor()V @ 28
Event: 9.746 Thread 0x000000001fcb1800 Uncommon trap: reason=unstable_if action=reinterpret pc=0x0000000003b8d018 method=java.awt.Component.setForeground(Ljava/awt/Color;)V @ 16
Event: 9.748 Thread 0x000000001fcb1800 Uncommon trap: reason=unstable_if action=reinterpret pc=0x0000000003afdac4 method=java.awt.Component.setForeground(Ljava/awt/Color;)V @ 16

Internal exceptions (10 events):
Event: 4.952 Thread 0x000000001fcb1800 Exception <a 'java/lang/NullPointerException'> (0x000000079e8b23a8) thrown at [C:\re\workspace\8-2-build-windows-amd64-cygwin\jdk8u151\9699\hotspot\src\share\vm\interpreter\linkResolver.cpp, line 1183]
Event: 4.952 Thread 0x000000001fcb1800 Exception <a 'java/lang/NullPointerException'> (0x000000079e8b33b0) thrown at [C:\re\workspace\8-2-build-windows-amd64-cygwin\jdk8u151\9699\hotspot\src\share\vm\interpreter\linkResolver.cpp, line 1183]
Event: 4.952 Thread 0x000000001fcb1800 Exception <a 'java/lang/NullPointerException'> (0x000000079e8b35b8) thrown at [C:\re\workspace\8-2-build-windows-amd64-cygwin\jdk8u151\9699\hotspot\src\share\vm\interpreter\linkResolver.cpp, line 1183]
Event: 4.952 Thread 0x000000001fcb1800 Exception <a 'java/lang/NullPointerException'> (0x000000079e8b39e8) thrown at [C:\re\workspace\8-2-build-windows-amd64-cygwin\jdk8u151\9699\hotspot\src\share\vm\interpreter\linkResolver.cpp, line 1183]
Event: 4.952 Thread 0x000000001fcb1800 Exception <a 'java/lang/NullPointerException'> (0x000000079e8b3bf0) thrown at [C:\re\workspace\8-2-build-windows-amd64-cygwin\jdk8u151\9699\hotspot\src\share\vm\interpreter\linkResolver.cpp, line 1183]
Event: 4.952 Thread 0x000000001fcb1800 Exception <a 'java/lang/NullPointerException'> (0x000000079e8b4300) thrown at [C:\re\workspace\8-2-build-windows-amd64-cygwin\jdk8u151\9699\hotspot\src\share\vm\interpreter\linkResolver.cpp, line 1183]
Event: 4.952 Thread 0x000000001fcb1800 Exception <a 'java/lang/NullPointerException'> (0x000000079e8b4508) thrown at [C:\re\workspace\8-2-build-windows-amd64-cygwin\jdk8u151\9699\hotspot\src\share\vm\interpreter\linkResolver.cpp, line 1183]
Event: 4.952 Thread 0x000000001fcb1800 Exception <a 'java/lang/NullPointerException'> (0x000000079e8b4710) thrown at [C:\re\workspace\8-2-build-windows-amd64-cygwin\jdk8u151\9699\hotspot\src\share\vm\interpreter\linkResolver.cpp, line 1183]
Event: 4.953 Thread 0x000000001fcb1800 Exception <a 'java/lang/NullPointerException'> (0x000000079e9080c8) thrown at [C:\re\workspace\8-2-build-windows-amd64-cygwin\jdk8u151\9699\hotspot\src\share\vm\interpreter\linkResolver.cpp, line 1183]
Event: 4.956 Thread 0x000000001fcb1800 Exception <a 'java/lang/NullPointerException'> (0x000000079eac0570) thrown at [C:\re\workspace\8-2-build-windows-amd64-cygwin\jdk8u151\9699\hotspot\src\share\vm\interpreter\linkResolver.cpp, line 1183]

Events (10 events):
Event: 9.737 Executing VM operation: Deoptimize
Event: 9.737 Executing VM operation: Deoptimize done
Event: 9.738 loading class sun/awt/UngrabEvent
Event: 9.738 loading class sun/awt/UngrabEvent done
Event: 9.746 Thread 0x000000001fcb1800 Uncommon trap: trap_request=0xffffff65 fr.pc=0x0000000003b8d018
Event: 9.747 Thread 0x000000001fcb1800 DEOPT PACKING pc=0x0000000003b8d018 sp=0x000000002071bce0
Event: 9.747 Thread 0x000000001fcb1800 DEOPT UNPACKING pc=0x0000000002e2582a sp=0x000000002071bc20 mode 2
Event: 9.748 Thread 0x000000001fcb1800 Uncommon trap: trap_request=0xffffff65 fr.pc=0x0000000003afdac4
Event: 9.748 Thread 0x000000001fcb1800 DEOPT PACKING pc=0x0000000003afdac4 sp=0x000000002071bc60
Event: 9.748 Thread 0x000000001fcb1800 DEOPT UNPACKING pc=0x0000000002e2582a sp=0x000000002071bc08 mode 2


Dynamic libraries:
0x00007ff782f20000 - 0x00007ff782f57000 	C:\Program Files\Java\jre1.8.0_151\bin\javaw.exe
0x00007ffeda020000 - 0x00007ffeda1fb000 	C:\Windows\SYSTEM32\ntdll.dll
0x00007ffed77b0000 - 0x00007ffed785e000 	C:\Windows\System32\KERNEL32.DLL
0x00007ffed68b0000 - 0x00007ffed6af9000 	C:\Windows\System32\KERNELBASE.dll
0x00007ffeca470000 - 0x00007ffeca4c2000 	C:\Windows\system32\wincept64.dll
0x00007ffed8080000 - 0x00007ffed81ca000 	C:\Windows\System32\USER32.dll
0x00007ffed6db0000 - 0x00007ffed6dce000 	C:\Windows\System32\win32u.dll
0x00007ffed76c0000 - 0x00007ffed76e7000 	C:\Windows\System32\GDI32.dll
0x00007ffed6c20000 - 0x00007ffed6da8000 	C:\Windows\System32\gdi32full.dll
0x00007ffed6810000 - 0x00007ffed68aa000 	C:\Windows\System32\msvcp_win.dll
0x00007ffed6540000 - 0x00007ffed6636000 	C:\Windows\System32\ucrtbase.dll
0x00007ffed76f0000 - 0x00007ffed7791000 	C:\Windows\System32\ADVAPI32.dll
0x00007ffed88b0000 - 0x00007ffed894d000 	C:\Windows\System32\msvcrt.dll
0x00007ffed2840000 - 0x00007ffed28ca000 	C:\Windows\SYSTEM32\WINSPOOL.DRV
0x00007ffed7a70000 - 0x00007ffed7ac9000 	C:\Windows\System32\sechost.dll
0x00007ffed7c40000 - 0x00007ffed7f39000 	C:\Windows\System32\combase.dll
0x00007ffed8710000 - 0x00007ffed8835000 	C:\Windows\System32\RPCRT4.dll
0x00007ffed6bb0000 - 0x00007ffed6c1a000 	C:\Windows\System32\bcryptPrimitives.dll
0x00007ffed7920000 - 0x00007ffed7a65000 	C:\Windows\System32\ole32.dll
0x00007ffed8610000 - 0x00007ffed8661000 	C:\Windows\System32\SHLWAPI.dll
0x00007ffed6050000 - 0x00007ffed6075000 	C:\Windows\SYSTEM32\bcrypt.dll
0x00007ffecba30000 - 0x00007ffecbc97000 	C:\Windows\WinSxS\amd64_microsoft.windows.common-controls_6595b64144ccf1df_6.0.15063.483_none_26002d27e7c744a2\COMCTL32.dll
0x00007ffed7690000 - 0x00007ffed76bd000 	C:\Windows\System32\IMM32.DLL
0x00007ffec15e0000 - 0x00007ffec168f000 	C:\Program Files\McAfee\Endpoint Security\Threat Prevention\Ips\EpMPApi.dll
0x00007ffed6b50000 - 0x00007ffed6ba6000 	C:\Windows\System32\WINTRUST.dll
0x00007ffed6520000 - 0x00007ffed6531000 	C:\Windows\System32\MSASN1.dll
0x00007ffed6640000 - 0x00007ffed6809000 	C:\Windows\System32\CRYPT32.dll
0x0000000056c00000 - 0x0000000056c0c000 	C:\Program Files\McAfee\Endpoint Security\Threat Prevention\Ips\EpMPThe.dll
0x0000000058010000 - 0x00000000580e2000 	C:\Program Files\Java\jre1.8.0_151\bin\msvcr100.dll
0x0000000055f60000 - 0x00000000567fd000 	C:\Program Files\Java\jre1.8.0_151\bin\server\jvm.dll
0x00007ffed77a0000 - 0x00007ffed77a8000 	C:\Windows\System32\PSAPI.DLL
0x00007ffed2a50000 - 0x00007ffed2a59000 	C:\Windows\SYSTEM32\WSOCK32.dll
0x00007ffed56b0000 - 0x00007ffed56ba000 	C:\Windows\SYSTEM32\VERSION.dll
0x00007ffed4740000 - 0x00007ffed4763000 	C:\Windows\SYSTEM32\WINMM.dll
0x00007ffed8840000 - 0x00007ffed88ac000 	C:\Windows\System32\WS2_32.dll
0x00007ffed46d0000 - 0x00007ffed46fb000 	C:\Windows\SYSTEM32\winmmbase.dll
0x00007ffed6b00000 - 0x00007ffed6b49000 	C:\Windows\System32\cfgmgr32.dll
0x0000000058000000 - 0x000000005800f000 	C:\Program Files\Java\jre1.8.0_151\bin\verify.dll
0x0000000057fd0000 - 0x0000000057ff9000 	C:\Program Files\Java\jre1.8.0_151\bin\java.dll
0x0000000057fb0000 - 0x0000000057fc6000 	C:\Program Files\Java\jre1.8.0_151\bin\zip.dll
0x00007ffed89e0000 - 0x00007ffed9e17000 	C:\Windows\System32\SHELL32.dll
0x00007ffed7860000 - 0x00007ffed790a000 	C:\Windows\System32\shcore.dll
0x00007ffed6e80000 - 0x00007ffed7572000 	C:\Windows\System32\windows.storage.dll
0x00007ffed6500000 - 0x00007ffed6511000 	C:\Windows\System32\kernel.appcore.dll
0x00007ffed64b0000 - 0x00007ffed64fc000 	C:\Windows\System32\powrprof.dll
0x00007ffed6490000 - 0x00007ffed64a5000 	C:\Windows\System32\profapi.dll
0x0000000057dd0000 - 0x0000000057f68000 	C:\Program Files\Java\jre1.8.0_151\bin\awt.dll
0x00007ffed7f40000 - 0x00007ffed8000000 	C:\Windows\System32\OLEAUT32.dll
0x00007ffed4360000 - 0x00007ffed43de000 	C:\Windows\SYSTEM32\apphelp.dll
0x00007ffed4910000 - 0x00007ffed49a5000 	C:\Windows\system32\uxtheme.dll
0x00007ffed7ad0000 - 0x00007ffed7c36000 	C:\Windows\System32\MSCTF.dll
0x00007ffed44d0000 - 0x00007ffed44fa000 	C:\Windows\system32\dwmapi.dll
0x00007ffebe780000 - 0x00007ffebe8a1000 	C:\Windows\system32\opengl32.dll
0x00007ffec0aa0000 - 0x00007ffec0acc000 	C:\Windows\SYSTEM32\GLU32.dll
0x0000000057d80000 - 0x0000000057dc7000 	C:\Program Files\Java\jre1.8.0_151\bin\fontmanager.dll
0x0000000057d60000 - 0x0000000057d7a000 	C:\Program Files\Java\jre1.8.0_151\bin\net.dll
0x00007ffed5d40000 - 0x00007ffed5d9c000 	C:\Windows\system32\mswsock.dll
0x0000000057d40000 - 0x0000000057d51000 	C:\Program Files\Java\jre1.8.0_151\bin\nio.dll
0x00007ffed5ee0000 - 0x00007ffed5ef7000 	C:\Windows\SYSTEM32\CRYPTSP.dll
0x00007ffed5970000 - 0x00007ffed59a4000 	C:\Windows\system32\rsaenh.dll
0x00007ffed6390000 - 0x00007ffed63b9000 	C:\Windows\SYSTEM32\USERENV.dll
0x00007ffed5f00000 - 0x00007ffed5f0b000 	C:\Windows\SYSTEM32\CRYPTBASE.dll
0x00007ffed5ae0000 - 0x00007ffed5b17000 	C:\Windows\SYSTEM32\IPHLPAPI.DLL
0x00007ffed7910000 - 0x00007ffed7918000 	C:\Windows\System32\NSI.dll
0x00007ffed0b20000 - 0x00007ffed0b36000 	C:\Windows\SYSTEM32\dhcpcsvc6.DLL
0x00007ffed0b00000 - 0x00007ffed0b1a000 	C:\Windows\SYSTEM32\dhcpcsvc.DLL
0x0000000057cf0000 - 0x0000000057d32000 	C:\Program Files\Java\jre1.8.0_151\bin\t2k.dll
0x0000000055f20000 - 0x0000000055f51000 	C:\Program Files\Java\jre1.8.0_151\bin\jpeg.dll
0x00007ffed8670000 - 0x00007ffed870e000 	C:\Windows\System32\clbcatq.dll
0x00007ffed16a0000 - 0x00007ffed184c000 	C:\Windows\SYSTEM32\WindowsCodecs.dll
0x00007ffebed40000 - 0x00007ffebed87000 	C:\Windows\system32\dataexchange.dll
0x00007ffed3990000 - 0x00007ffed3c6f000 	C:\Windows\system32\d3d11.dll
0x00007ffed3d60000 - 0x00007ffed3e82000 	C:\Windows\system32\dcomp.dll
0x00007ffed5070000 - 0x00007ffed5114000 	C:\Windows\system32\dxgi.dll
0x00007ffed4bd0000 - 0x00007ffed4d40000 	C:\Windows\system32\twinapi.appcore.dll
0x00007ffed0380000 - 0x00007ffed0402000 	C:\Windows\System32\TextInputFramework.dll
0x00007ffed12c0000 - 0x00007ffed1592000 	C:\Windows\System32\CoreUIComponents.dll
0x00007ffed3c70000 - 0x00007ffed3d53000 	C:\Windows\System32\CoreMessaging.dll
0x00007ffed43e0000 - 0x00007ffed43f5000 	C:\Windows\SYSTEM32\usermgrcli.dll
0x00007ffed2a70000 - 0x00007ffed2ba9000 	C:\Windows\SYSTEM32\wintypes.dll
0x00007ffed5500000 - 0x00007ffed5531000 	C:\Windows\SYSTEM32\ntmarta.dll
0x00007ffebfdd0000 - 0x00007ffebfe76000 	C:\Windows\WinSxS\amd64_microsoft.windows.common-controls_6595b64144ccf1df_5.82.15063.413_none_0e0f5dcc67adff4e\comctl32.dll
0x0000000055eb0000 - 0x0000000055eda000 	C:\Program Files\Java\jre1.8.0_151\bin\dcpr.dll
0x00007ffec2d40000 - 0x00007ffec2e33000 	C:\Windows\system32\msctfuimanager.dll
0x00007ffeb7440000 - 0x00007ffeb75eb000 	C:\Windows\system32\DUI70.dll
0x00007ffeb4370000 - 0x00007ffeb4403000 	C:\Windows\system32\DUser.dll
0x00007ffebb900000 - 0x00007ffebbac5000 	C:\Windows\SYSTEM32\UIAutomationCore.dll
0x00007ffed62f0000 - 0x00007ffed638a000 	C:\Windows\SYSTEM32\sxs.dll
0x00007ffed1180000 - 0x00007ffed11c6000 	C:\Windows\System32\UIAnimation.dll
0x00007ffed2070000 - 0x00007ffed20db000 	C:\Windows\System32\oleacc.dll
0x00007ffecbfa0000 - 0x00007ffecc25f000 	C:\Windows\system32\dwrite.dll
0x00007ffeab6a0000 - 0x00007ffeab975000 	C:\Windows\SYSTEM32\D3D10Warp.dll
0x00007ffecb820000 - 0x00007ffecb8a8000 	C:\Windows\system32\directmanipulation.dll
0x00007ffec68c0000 - 0x00007ffec6a69000 	C:\Windows\SYSTEM32\dbghelp.dll

VM Arguments:
java_command: com.st.microxplorer.maingui.STM32CubeMX C:\Users\elon.hu\Desktop\Case\SDCard\SDCard\SDCard.ioc
java_class_path (initial): C:\Program Files\STMicroelectronics\STM32Cube\STM32CubeMX\STM32CubeMX.exe;anything
Launcher Type: SUN_STANDARD

Environment Variables:
PATH=C:\Program Files\STMicroelectronics\STM32Cube\STM32CubeMX\;C:\ProgramData\Oracle\Java\javapath;C:\Windows\system32;C:\Windows;C:\Windows\System32\Wbem;C:\Windows\System32\WindowsPowerShell\v1.0\;C:\Users\elon.hu\AppData\Local\Microsoft\WindowsApps;;C:\Program Files\Java\jre1.8.0_151\bin
USERNAME=elon.hu
OS=Windows_NT
PROCESSOR_IDENTIFIER=Intel64 Family 6 Model 158 Stepping 9, GenuineIntel



---------------  S Y S T E M  ---------------

OS: Windows 10.0 , 64 bit Build 15063 (10.0.15063.296)

CPU:total 8 (initial active 8) (4 cores per cpu, 2 threads per core) family 6 model 158 stepping 9, cmov, cx8, fxsr, mmx, sse, sse2, sse3, ssse3, sse4.1, sse4.2, popcnt, avx, avx2, aes, clmul, erms, rtm, 3dnowpref, lzcnt, ht, tsc, tscinvbit, bmi1, bmi2, adx

Memory: 4k page, physical 16663088k(9304328k free), swap 19153456k(10591052k free)

vm_info: Java HotSpot(TM) 64-Bit Server VM (25.151-b12) for windows-amd64 JRE (1.8.0_151-b12), built on Sep  5 2017 19:33:46 by "java_re" with MS VC++ 10.0 (VS2010)

time: Fri Jan 26 17:11:10 2018
elapsed time: 9 seconds (0d 0h 0m 9s)

